<?xml version="1.0" encoding="UTF-8"?>
<!-- Generated by org.testng.reporters.JUnitXMLReporter -->
<testsuite hostname="Lenovo-PC" ignored="0" name="Test3" tests="3" failures="0" timestamp="25 Sep 2018 10:01:43 GMT" time="18.32" errors="0">
  <testcase name="launch" time="13.671" classname="testngprograms.BrowserCompatability"/>
  <testcase name="search" time="4.305" classname="testngprograms.BrowserCompatability"/>
  <testcase name="close" time="0.26" classname="testngprograms.BrowserCompatability"/>
</testsuite> <!-- Test3 -->
