<?xml version="1.0" encoding="UTF-8"?>
<!-- Generated by org.testng.reporters.JUnitXMLReporter -->
<testsuite hostname="Lenovo-PC" ignored="0" name="Test1" tests="3" failures="1" timestamp="28 Sep 2018 17:29:32 GMT" time="10.898" errors="0">
  <testcase name="close" time="0.026" classname="testngprograms.Test137">
    <failure type="java.lang.NullPointerException">
      <![CDATA[java.lang.NullPointerException
at testngprograms.Test137.close(Test137.java:69)
... Removed 25 stack frames]]>
    </failure>
  </testcase> <!-- close -->
  <testcase name="launch" time="7.117" classname="testngprograms.Test137"/>
  <testcase name="search" time="3.681" classname="testngprograms.Test137"/>
</testsuite> <!-- Test1 -->
