<?xml version="1.0" encoding="UTF-8"?>
<!-- Generated by org.testng.reporters.JUnitXMLReporter -->
<testsuite hostname="Lenovo-PC" ignored="0" name="Test2" tests="3" failures="0" timestamp="25 Sep 2018 17:33:18 GMT" time="35.171" errors="0">
  <testcase name="launch" time="5.885" classname="testngprograms.Test138ng"/>
  <testcase name="search" time="27.134" classname="testngprograms.Test138ng"/>
  <testcase name="close" time="2.132" classname="testngprograms.Test138ng"/>
</testsuite> <!-- Test2 -->
