<?xml version="1.0" encoding="UTF-8"?>
<!-- Generated by org.testng.reporters.JUnitXMLReporter -->
<testsuite hostname="Lenovo-PC" ignored="0" name="Test" tests="4" failures="0" timestamp="28 Sep 2018 16:01:58 GMT" time="48.784" errors="0">
  <testcase name="search" time="5.609" classname="testngprograms.Test137"/>
  <testcase name="launch" time="6.729" classname="testngprograms.Test138ng"/>
  <testcase name="search" time="22.434" classname="testngprograms.Test138ng"/>
  <testcase name="close" time="0.44" classname="testngprograms.Test138ng"/>
</testsuite> <!-- Test -->
