<?xml version="1.0" encoding="UTF-8"?>
<testng-results skipped="0" failed="1" ignored="0" total="3" passed="2">
  <reporter-output>
    <line>
      <![CDATA[<img src="file:///E:\batch239\abdulkalam\28-09-18-10-59-32.png "alt=""/>]]>
    </line>
  </reporter-output>
  <suite name="Suite" duration-ms="10898" started-at="2018-09-28T17:29:22Z" finished-at="2018-09-28T17:29:32Z">
    <groups>
    </groups>
    <test name="Test1" duration-ms="10898" started-at="2018-09-28T17:29:22Z" finished-at="2018-09-28T17:29:32Z">
      <class name="testngprograms.Test137">
        <test-method status="FAIL" signature="close()[pri:0, instance:testngprograms.Test137@27f723]" name="close" duration-ms="26" started-at="2018-09-28T17:29:22Z" finished-at="2018-09-28T17:29:22Z">
          <exception class="java.lang.NullPointerException">
            <full-stacktrace>
              <![CDATA[java.lang.NullPointerException
at testngprograms.Test137.close(Test137.java:69)
at sun.reflect.NativeMethodAccessorImpl.invoke0(Native Method)
at sun.reflect.NativeMethodAccessorImpl.invoke(Unknown Source)
at sun.reflect.DelegatingMethodAccessorImpl.invoke(Unknown Source)
at java.lang.reflect.Method.invoke(Unknown Source)
at org.testng.internal.MethodInvocationHelper.invokeMethod(MethodInvocationHelper.java:124)
at org.testng.internal.Invoker.invokeMethod(Invoker.java:580)
at org.testng.internal.Invoker.invokeTestMethod(Invoker.java:716)
at org.testng.internal.Invoker.invokeTestMethods(Invoker.java:988)
at org.testng.internal.TestMethodWorker.invokeTestMethods(TestMethodWorker.java:125)
at org.testng.internal.TestMethodWorker.run(TestMethodWorker.java:109)
at org.testng.TestRunner.privateRun(TestRunner.java:648)
at org.testng.TestRunner.run(TestRunner.java:505)
at org.testng.SuiteRunner.runTest(SuiteRunner.java:455)
at org.testng.SuiteRunner.runSequentially(SuiteRunner.java:450)
at org.testng.SuiteRunner.privateRun(SuiteRunner.java:415)
at org.testng.SuiteRunner.run(SuiteRunner.java:364)
at org.testng.SuiteRunnerWorker.runSuite(SuiteRunnerWorker.java:52)
at org.testng.SuiteRunnerWorker.run(SuiteRunnerWorker.java:84)
at org.testng.TestNG.runSuitesSequentially(TestNG.java:1208)
at org.testng.TestNG.runSuitesLocally(TestNG.java:1137)
at org.testng.TestNG.runSuites(TestNG.java:1049)
at org.testng.TestNG.run(TestNG.java:1017)
at org.testng.remote.AbstractRemoteTestNG.run(AbstractRemoteTestNG.java:114)
at org.testng.remote.RemoteTestNG.initAndRun(RemoteTestNG.java:251)
at org.testng.remote.RemoteTestNG.main(RemoteTestNG.java:77)
]]>
            </full-stacktrace>
          </exception> <!-- java.lang.NullPointerException -->
          <reporter-output>
          </reporter-output>
        </test-method> <!-- close -->
        <test-method status="PASS" signature="launch()[pri:0, instance:testngprograms.Test137@27f723]" name="launch" duration-ms="7117" started-at="2018-09-28T17:29:22Z" finished-at="2018-09-28T17:29:29Z">
          <reporter-output>
          </reporter-output>
        </test-method> <!-- launch -->
        <test-method status="PASS" signature="search(java.lang.String)[pri:0, instance:testngprograms.Test137@27f723]" name="search" duration-ms="3681" started-at="2018-09-28T17:29:29Z" finished-at="2018-09-28T17:29:32Z">
          <params>
            <param index="0">
              <value>
                <![CDATA[virat kohli]]>
              </value>
            </param>
          </params>
          <reporter-output>
            <line>
              <![CDATA[<img src="file:///E:\batch239\abdulkalam\28-09-18-10-59-32.png "alt=""/>]]>
            </line>
          </reporter-output>
        </test-method> <!-- search -->
      </class> <!-- testngprograms.Test137 -->
    </test> <!-- Test1 -->
  </suite> <!-- Suite -->
</testng-results>
